0 info it worked if it ends with ok
1 verbose cli [ 'C:\\Program Files (x86)\\nodejs\\\\node.exe',
1 verbose cli   'C:\\Program Files (x86)\\nodejs\\node_modules\\npm\\bin\\npm-cli.js',
1 verbose cli   'install',
1 verbose cli   'http-server',
1 verbose cli   '-g' ]
2 info using npm@2.7.4
3 info using node@v0.10.28
4 verbose node symlink C:\Program Files (x86)\nodejs\\node.exe
5 silly cache add args [ 'http-server', null ]
6 verbose cache add spec http-server
7 silly cache add parsed spec { raw: 'http-server',
7 silly cache add   scope: null,
7 silly cache add   name: 'http-server',
7 silly cache add   rawSpec: '',
7 silly cache add   spec: '*',
7 silly cache add   type: 'range' }
8 verbose addNamed http-server@*
9 silly addNamed semver.valid null
10 silly addNamed semver.validRange *
11 silly addNameRange { name: 'http-server', range: '*', hasData: false }
12 silly mapToRegistry name http-server
13 silly mapToRegistry using default registry
14 silly mapToRegistry registry https://registry.npmjs.org/
15 silly mapToRegistry uri https://registry.npmjs.org/http-server
16 verbose addNameRange registry:https://registry.npmjs.org/http-server not in flight; fetching
17 verbose request uri https://registry.npmjs.org/http-server
18 verbose request no auth needed
19 info attempt registry request try #1 at 22:41:45
20 verbose request id 9877beb96c1f214a
21 verbose etag "C4Y2ZSKWK27Q3QGR4VJ4I8KHA"
22 http request GET https://registry.npmjs.org/http-server
23 http 200 https://registry.npmjs.org/http-server
24 silly get cb [ 200,
24 silly get   { date: 'Mon, 30 Mar 2015 21:41:52 GMT',
24 silly get     server: 'CouchDB/1.5.0 (Erlang OTP/R16B03)',
24 silly get     etag: '"1P5ZJVN14OH7Z4SRCMHVRAFDY"',
24 silly get     'content-type': 'application/json',
24 silly get     'cache-control': 'max-age=60',
24 silly get     'content-length': '44487',
24 silly get     'accept-ranges': 'bytes',
24 silly get     via: '1.1 varnish',
24 silly get     age: '0',
24 silly get     'x-served-by': 'cache-ams4139-AMS',
24 silly get     'x-cache': 'HIT',
24 silly get     'x-cache-hits': '1',
24 silly get     'x-timer': 'S1427751711.854071,VS0,VE379',
24 silly get     vary: 'Accept',
24 silly get     'keep-alive': 'timeout=10, max=50',
24 silly get     connection: 'Keep-Alive' } ]
25 verbose get saving http-server to C:\Users\Dan\AppData\Roaming\npm-cache\registry.npmjs.org\http-server\.cache.json
26 silly addNameRange number 2 { name: 'http-server', range: '*', hasData: true }
27 silly addNameRange versions [ 'http-server',
27 silly addNameRange   [ '0.1.0',
27 silly addNameRange     '0.1.1',
27 silly addNameRange     '0.1.3',
27 silly addNameRange     '0.2.1',
27 silly addNameRange     '0.2.2',
27 silly addNameRange     '0.2.3',
27 silly addNameRange     '0.2.4',
27 silly addNameRange     '0.2.5',
27 silly addNameRange     '0.2.6',
27 silly addNameRange     '0.2.9',
27 silly addNameRange     '0.3.0',
27 silly addNameRange     '0.4.0',
27 silly addNameRange     '0.4.1',
27 silly addNameRange     '0.5.0',
27 silly addNameRange     '0.5.1',
27 silly addNameRange     '0.5.2',
27 silly addNameRange     '0.5.3',
27 silly addNameRange     '0.5.5',
27 silly addNameRange     '0.6.0',
27 silly addNameRange     '0.6.1',
27 silly addNameRange     '0.7.0',
27 silly addNameRange     '0.7.1',
27 silly addNameRange     '0.7.2',
27 silly addNameRange     '0.7.3',
27 silly addNameRange     '0.7.4',
27 silly addNameRange     '0.7.5',
27 silly addNameRange     '0.8.0' ] ]
28 verbose addNamed http-server@0.8.0
29 silly addNamed semver.valid 0.8.0
30 silly addNamed semver.validRange 0.8.0
31 silly mapToRegistry name http-server
32 silly mapToRegistry using default registry
33 silly mapToRegistry registry https://registry.npmjs.org/
34 silly mapToRegistry uri https://registry.npmjs.org/http-server
35 verbose addRemoteTarball https://registry.npmjs.org/http-server/-/http-server-0.8.0.tgz not in flight; adding
36 verbose addRemoteTarball [ 'https://registry.npmjs.org/http-server/-/http-server-0.8.0.tgz',
36 verbose addRemoteTarball   'd4b671781ec6bf9fa6a311cd1df683b0b37b1491' ]
37 info retry fetch attempt 1 at 22:41:46
38 info attempt registry request try #1 at 22:41:46
39 http fetch GET https://registry.npmjs.org/http-server/-/http-server-0.8.0.tgz
40 http fetch 200 https://registry.npmjs.org/http-server/-/http-server-0.8.0.tgz
41 silly fetchAndShaCheck shasum d4b671781ec6bf9fa6a311cd1df683b0b37b1491
42 verbose addTmpTarball C:\Users\Dan\AppData\Local\Temp\npm-2868-f1db2ca9\registry.npmjs.org\http-server\-\http-server-0.8.0.tgz not in flight; adding
43 verbose addTmpTarball already have metadata; skipping unpack for http-server@0.8.0
44 silly cache afterAdd http-server@0.8.0
45 verbose afterAdd C:\Users\Dan\AppData\Roaming\npm-cache\http-server\0.8.0\package\package.json not in flight; writing
46 verbose afterAdd C:\Users\Dan\AppData\Roaming\npm-cache\http-server\0.8.0\package\package.json written
47 silly install resolved [ { name: 'http-server',
47 silly install resolved     version: '0.8.0',
47 silly install resolved     description: 'A simple zero-configuration command-line http server',
47 silly install resolved     main: './lib/http-server',
47 silly install resolved     repository:
47 silly install resolved      { type: 'git',
47 silly install resolved        url: 'git://github.com/indexzero/http-server.git' },
47 silly install resolved     keywords: [ 'cli', 'command' ],
47 silly install resolved     scripts:
47 silly install resolved      { start: 'node ./bin/http-server',
47 silly install resolved        pretest: 'stylezero bin/ lib/ test',
47 silly install resolved        test: 'vows --spec --isolate' },
47 silly install resolved     contributors:
47 silly install resolved      [ [Object],
47 silly install resolved        [Object],
47 silly install resolved        [Object],
47 silly install resolved        [Object],
47 silly install resolved        [Object],
47 silly install resolved        [Object],
47 silly install resolved        [Object],
47 silly install resolved        [Object],
47 silly install resolved        [Object],
47 silly install resolved        [Object] ],
47 silly install resolved     dependencies:
47 silly install resolved      { colors: '1.0.3',
47 silly install resolved        optimist: '0.6.x',
47 silly install resolved        union: '~0.4.3',
47 silly install resolved        ecstatic: '~0.7.0',
47 silly install resolved        'http-proxy': '^1.8.1',
47 silly install resolved        portfinder: '0.4.x',
47 silly install resolved        opener: '~1.4.0',
47 silly install resolved        corser: '~2.0.0' },
47 silly install resolved     devDependencies: { vows: '0.7.x', request: '2.49.x', stylezero: '2.2.0' },
47 silly install resolved     bugs: { url: 'https://github.com/nodeapps/http-server/issues' },
47 silly install resolved     licenses: [ [Object] ],
47 silly install resolved     preferGlobal: 'true',
47 silly install resolved     bin: { 'http-server': './bin/http-server', hs: './bin/http-server' },
47 silly install resolved     gitHead: 'ac38a041c954c863fd695b0f70ba251399856812',
47 silly install resolved     homepage: 'https://github.com/indexzero/http-server',
47 silly install resolved     _id: 'http-server@0.8.0',
47 silly install resolved     _shasum: 'd4b671781ec6bf9fa6a311cd1df683b0b37b1491',
47 silly install resolved     _from: 'http-server@*',
47 silly install resolved     _npmVersion: '2.2.0',
47 silly install resolved     _nodeVersion: '0.10.33',
47 silly install resolved     _npmUser: { name: 'indexzero', email: 'charlie.robbins@gmail.com' },
47 silly install resolved     maintainers: [ [Object] ],
47 silly install resolved     dist:
47 silly install resolved      { shasum: 'd4b671781ec6bf9fa6a311cd1df683b0b37b1491',
47 silly install resolved        tarball: 'http://registry.npmjs.org/http-server/-/http-server-0.8.0.tgz' },
47 silly install resolved     directories: {},
47 silly install resolved     _resolved: 'https://registry.npmjs.org/http-server/-/http-server-0.8.0.tgz' } ]
48 info install http-server@0.8.0 into C:\Program Files (x86)\nodejs
49 info installOne http-server@0.8.0
50 verbose installOne of http-server to C:\Program Files (x86)\nodejs not in flight; installing
51 verbose lock using C:\Users\Dan\AppData\Roaming\npm-cache\_locks\http-server-1b7fe4cb9bfc34ff.lock for C:\Program Files (x86)\nodejs\node_modules\http-server
52 silly install write writing http-server 0.8.0 to C:\Program Files (x86)\nodejs\node_modules\http-server
53 silly cache addNamed cb http-server@0.8.0
54 verbose unbuild node_modules\http-server
55 info preuninstall http-server@0.8.0
56 info uninstall http-server@0.8.0
57 verbose unbuild rmStuff http-server@0.8.0 from C:\Program Files (x86)\nodejs\node_modules
58 silly gentlyRm C:\Program Files (x86)\nodejs\http-server.cmd is being gently removed
59 silly gentlyRm verifying C:\Program Files (x86)\nodejs is an npm working directory
60 silly gentlyRm C:\Program Files (x86)\nodejs\hs.cmd is being gently removed
61 silly gentlyRm verifying C:\Program Files (x86)\nodejs is an npm working directory
62 silly gentlyRm containing path C:\Program Files (x86)\nodejs is under npm's control, in C:\Program Files (x86)\nodejs
63 silly gentlyRm deletion target C:\Program Files (x86)\nodejs\http-server.cmd is under C:\Program Files (x86)\nodejs
64 verbose gentlyRm vacuuming from C:\Program Files (x86)\nodejs\http-server.cmd up to C:\Program Files (x86)\nodejs
65 silly gentlyRm containing path C:\Program Files (x86)\nodejs is under npm's control, in C:\Program Files (x86)\nodejs
66 silly gentlyRm deletion target C:\Program Files (x86)\nodejs\hs.cmd is under C:\Program Files (x86)\nodejs
67 verbose gentlyRm vacuuming from C:\Program Files (x86)\nodejs\hs.cmd up to C:\Program Files (x86)\nodejs
68 silly vacuum-fs removing C:\Program Files (x86)\nodejs\http-server.cmd
69 silly vacuum-fs removing C:\Program Files (x86)\nodejs\hs.cmd
70 verbose unlock done using C:\Users\Dan\AppData\Roaming\npm-cache\_locks\http-server-1b7fe4cb9bfc34ff.lock for C:\Program Files (x86)\nodejs\node_modules\http-server
71 verbose stack Error: EPERM, unlink 'C:\Program Files (x86)\nodejs\http-server.cmd'
72 verbose cwd C:\Users\Dan\Documents\GitHub\ChopSnipJump
73 error Windows_NT 6.2.9200
74 error argv "C:\\Program Files (x86)\\nodejs\\\\node.exe" "C:\\Program Files (x86)\\nodejs\\node_modules\\npm\\bin\\npm-cli.js" "install" "http-server" "-g"
75 error node v0.10.28
76 error npm  v2.7.4
77 error path C:\Program Files (x86)\nodejs\http-server.cmd
78 error code EPERM
79 error errno 50
80 error Error: EPERM, unlink 'C:\Program Files (x86)\nodejs\http-server.cmd'
80 error  { [Error: EPERM, unlink 'C:\Program Files (x86)\nodejs\http-server.cmd']
80 error   errno: 50,
80 error   code: 'EPERM',
80 error   path: 'C:\\Program Files (x86)\\nodejs\\http-server.cmd' }
81 error Please try running this command again as root/Administrator.
82 verbose exit [ 50, true ]
83 verbose unbuild node_modules\http-server
84 info preuninstall http-server@0.8.0
85 info uninstall http-server@0.8.0
86 verbose unbuild rmStuff http-server@0.8.0 from C:\Program Files (x86)\nodejs\node_modules
87 silly gentlyRm C:\Program Files (x86)\nodejs\http-server.cmd is being gently removed
88 silly gentlyRm verifying C:\Program Files (x86)\nodejs is an npm working directory
89 silly gentlyRm C:\Program Files (x86)\nodejs\hs.cmd is being gently removed
90 silly gentlyRm verifying C:\Program Files (x86)\nodejs is an npm working directory
91 silly gentlyRm containing path C:\Program Files (x86)\nodejs is under npm's control, in C:\Program Files (x86)\nodejs
92 silly gentlyRm deletion target C:\Program Files (x86)\nodejs\http-server.cmd is under C:\Program Files (x86)\nodejs
93 verbose gentlyRm vacuuming from C:\Program Files (x86)\nodejs\http-server.cmd up to C:\Program Files (x86)\nodejs
94 silly gentlyRm containing path C:\Program Files (x86)\nodejs is under npm's control, in C:\Program Files (x86)\nodejs
95 silly gentlyRm deletion target C:\Program Files (x86)\nodejs\hs.cmd is under C:\Program Files (x86)\nodejs
96 verbose gentlyRm vacuuming from C:\Program Files (x86)\nodejs\hs.cmd up to C:\Program Files (x86)\nodejs
97 silly vacuum-fs removing C:\Program Files (x86)\nodejs\hs.cmd
98 silly vacuum-fs removing C:\Program Files (x86)\nodejs\http-server.cmd
99 error error rolling back Error: EPERM, unlink 'C:\Program Files (x86)\nodejs\hs.cmd'
99 error error rolling back  { [Error: EPERM, unlink 'C:\Program Files (x86)\nodejs\hs.cmd']
99 error error rolling back   errno: 50,
99 error error rolling back   code: 'EPERM',
99 error error rolling back   path: 'C:\\Program Files (x86)\\nodejs\\hs.cmd' }
